<?xml version="1.0" encoding="UTF-8"?>
<!-- Generated by org.testng.reporters.JUnitReportReporter -->
<testsuite skipped="0" hostname="RENJUPC" name="com.renju.training.jenkins.JenkinsCalcTest" tests="2" failures="0" timestamp="07 Oct 2018 06:22:53 GMT" time="0.003" errors="0">
  <testcase name="addTest" time="0.002" classname="com.renju.training.jenkins.JenkinsCalcTest"/>
  <testcase name="subtractTest" time="0.001" classname="com.renju.training.jenkins.JenkinsCalcTest"/>
</testsuite> <!-- com.renju.training.jenkins.JenkinsCalcTest -->
