<?xml version="1.0" encoding="UTF-8"?>
<!-- Generated by org.testng.reporters.JUnitReportReporter -->
<testsuite skipped="0" hostname="RENJUPC" name="com.renju.training.jenkins.SampleSeleniumTest" tests="1" failures="0" timestamp="07 Oct 2018 09:25:19 GMT" time="44.786" errors="0">
  <testcase name="validateGoogleId" time="44.786" classname="com.renju.training.jenkins.SampleSeleniumTest"/>
</testsuite> <!-- com.renju.training.jenkins.SampleSeleniumTest -->
